[2025-01-11T04:12:18.506Z] Failed to process scotch-io/All-Github-Emoji-Icons:
Error: {
  "name": "HttpError",
  "status": 502,
  "request": {
    "method": "POST",
    "url": "https://api.github.com/graphql",
    "headers": {
      "accept": "application/vnd.github.v3+json",
      "user-agent": "neptun-repository-fetcher/1.0",
      "authorization": "token [REDACTED]",
      "content-type": "application/json; charset=utf-8"
    },
    "body": {
      "query": "\n      query getRepoFiles($owner: String!, $name: String!) {\n        repository(owner: $owner, name: $name) {\n          defaultBranchRef {\n            name\n            target {\n              ... on Commit {\n                tree {\n                  entries {\n                    name\n                    type\n                    object {\n                      ... on Blob {\n                        byteSize\n                        text\n                      }\n                    }\n                  }\n                }\n              }\n            }\n          }\n        }\n      }\n    ",
      "variables": {
        "owner": "scotch-io",
        "name": "All-Github-Emoji-Icons"
      }
    }
  },
  "response": {
    "url": "https://api.github.com/graphql",
    "status": 502,
    "headers": {
      "access-control-allow-origin": "*",
      "access-control-expose-headers": "ETag, Link, Location, Retry-After, X-GitHub-OTP, X-RateLimit-Limit, X-RateLimit-Remaining, X-RateLimit-Reset, X-OAuth-Scopes, X-Accepted-OAuth-Scopes, X-Poll-Interval, X-GitHub-Media-Type, Deprecation, Sunset",
      "content-type": "application/json",
      "date": "Sat, 11 Jan 2025 04:12:18 GMT",
      "server": "github.com",
      "transfer-encoding": "chunked",
      "vary": "Accept-Encoding, Accept, X-Requested-With",
      "x-github-request-id": "3376:1B63F2:5F3BF8B:61633EC:6781EF98"
    },
    "data": {
      "data": null,
      "errors": [
        {
          "message": "Something went wrong while executing your query. This may be the result of a timeout, or it could be a GitHub bug. Please include `3376:1B63F2:5F3BF8B:61633EC:6781EF98` when reporting this issue."
        }
      ]
    }
  }
}

[2025-01-12T19:03:52.359Z] Failed to fetch repositories for Java with stars 1000-5000:
Error: {
  "name": "GraphqlResponseError",
  "errors": [
    {
      "type": "FORBIDDEN",
      "path": [
        "search",
        "nodes",
        6
      ],
      "extensions": {
        "saml_failure": false
      },
      "locations": [
        {
          "line": 9,
          "column": 11
        }
      ],
      "message": "Although you appear to have the correct authorization credentials, the `confluentinc` organization has an IP allow list enabled, and your IP address is not permitted to access this resource."
    }
  ],
  "data": {
    "search": {
      "nodes": [
        {
          "nameWithOwner": "Zhaoss/WeiXinRecordedDemo",
          "stargazerCount": 2256
        },
        {
          "nameWithOwner": "JingYeoh/FragmentRigger",
          "stargazerCount": 2256
        },
        {
          "nameWithOwner": "iMeiji/Toutiao",
          "stargazerCount": 2252
        },
        {
          "nameWithOwner": "apilayer/restcountries",
          "stargazerCount": 2249
        },
        {
          "nameWithOwner": "bz51/SpringBoot-Dubbo-Docker-Jenkins",
          "stargazerCount": 2246
        },
        {
          "nameWithOwner": "bingoogolapple/BGAPhotoPicker-Android",
          "stargazerCount": 2242
        },
        null,
        {
          "nameWithOwner": "aws/aws-sdk-java-v2",
          "stargazerCount": 2236
        },
        {
          "nameWithOwner": "bytedance/AlphaPlayer",
          "stargazerCount": 2236
        },
        {
          "nameWithOwner": "synthetichealth/synthea",
          "stargazerCount": 2235
        }
      ],
      "pageInfo": {
        "hasNextPage": true,
        "endCursor": "Y3Vyc29yOjk5MA=="
      }
    },
    "rateLimit": {
      "remaining": 4378,
      "limit": 5000,
      "cost": 1,
      "resetAt": "2025-01-12T19:38:09Z"
    }
  },
  "request": {
    "query": "\n      query getReposByLanguageAndStars($cursor: String) {\n        search(\n          query: \"language:Java stars:1000..5000 sort:stars-desc\"\n          type: REPOSITORY\n          first: 10\n          after: $cursor\n        ) {\n          nodes {\n            ... on Repository {\n              nameWithOwner\n              stargazerCount\n            }\n          }\n          pageInfo {\n            hasNextPage\n            endCursor\n          }\n        }\n        rateLimit {\n          remaining\n          limit\n          cost\n          resetAt\n        }\n      }\n    ",
    "variables": {
      "cursor": "Y3Vyc29yOjk4MA=="
    }
  },
  "headers": {
    "access-control-allow-origin": "*",
    "access-control-expose-headers": "ETag, Link, Location, Retry-After, X-GitHub-OTP, X-RateLimit-Limit, X-RateLimit-Remaining, X-RateLimit-Used, X-RateLimit-Resource, X-RateLimit-Reset, X-OAuth-Scopes, X-Accepted-OAuth-Scopes, X-Poll-Interval, X-GitHub-Media-Type, X-GitHub-SSO, X-GitHub-Request-Id, Deprecation, Sunset",
    "content-encoding": "gzip",
    "content-security-policy": "default-src 'none'",
    "content-type": "application/json; charset=utf-8",
    "date": "Sun, 12 Jan 2025 19:03:52 GMT",
    "referrer-policy": "origin-when-cross-origin, strict-origin-when-cross-origin",
    "server": "github.com",
    "strict-transport-security": "max-age=31536000; includeSubdomains; preload",
    "transfer-encoding": "chunked",
    "vary": "Accept-Encoding, Accept, X-Requested-With",
    "x-content-type-options": "nosniff",
    "x-frame-options": "deny",
    "x-github-media-type": "github.v3; format=json",
    "x-github-request-id": "7042:9EF1D:35D020F:6BAA2B9:67841217",
    "x-ratelimit-limit": "5000",
    "x-ratelimit-remaining": "4378",
    "x-ratelimit-reset": "1736710689",
    "x-ratelimit-resource": "graphql",
    "x-ratelimit-used": "622",
    "x-xss-protection": "0"
  },
  "response": {
    "data": {
      "search": {
        "nodes": [
          {
            "nameWithOwner": "Zhaoss/WeiXinRecordedDemo",
            "stargazerCount": 2256
          },
          {
            "nameWithOwner": "JingYeoh/FragmentRigger",
            "stargazerCount": 2256
          },
          {
            "nameWithOwner": "iMeiji/Toutiao",
            "stargazerCount": 2252
          },
          {
            "nameWithOwner": "apilayer/restcountries",
            "stargazerCount": 2249
          },
          {
            "nameWithOwner": "bz51/SpringBoot-Dubbo-Docker-Jenkins",
            "stargazerCount": 2246
          },
          {
            "nameWithOwner": "bingoogolapple/BGAPhotoPicker-Android",
            "stargazerCount": 2242
          },
          null,
          {
            "nameWithOwner": "aws/aws-sdk-java-v2",
            "stargazerCount": 2236
          },
          {
            "nameWithOwner": "bytedance/AlphaPlayer",
            "stargazerCount": 2236
          },
          {
            "nameWithOwner": "synthetichealth/synthea",
            "stargazerCount": 2235
          }
        ],
        "pageInfo": {
          "hasNextPage": true,
          "endCursor": "Y3Vyc29yOjk5MA=="
        }
      },
      "rateLimit": {
        "remaining": 4378,
        "limit": 5000,
        "cost": 1,
        "resetAt": "2025-01-12T19:38:09Z"
      }
    },
    "errors": [
      {
        "type": "FORBIDDEN",
        "path": [
          "search",
          "nodes",
          6
        ],
        "extensions": {
          "saml_failure": false
        },
        "locations": [
          {
            "line": 9,
            "column": 11
          }
        ],
        "message": "Although you appear to have the correct authorization credentials, the `confluentinc` organization has an IP allow list enabled, and your IP address is not permitted to access this resource."
      }
    ]
  }
}

[2025-01-12T19:15:31.587Z] Failed to fetch repositories for Rust with stars 1000-5000:
Error: {
  "name": "GraphqlResponseError",
  "errors": [
    {
      "type": "FORBIDDEN",
      "path": [
        "search",
        "nodes",
        7
      ],
      "extensions": {
        "saml_failure": false
      },
      "locations": [
        {
          "line": 9,
          "column": 11
        }
      ],
      "message": "Although you appear to have the correct authorization credentials, the `databricks` organization has an IP allow list enabled, and your IP address is not permitted to access this resource."
    }
  ],
  "data": {
    "search": {
      "nodes": [
        {
          "nameWithOwner": "rust-embedded/discovery",
          "stargazerCount": 1503
        },
        {
          "nameWithOwner": "andreabergia/rjvm",
          "stargazerCount": 1503
        },
        {
          "nameWithOwner": "MordechaiHadad/bob",
          "stargazerCount": 1501
        },
        {
          "nameWithOwner": "jafioti/luminal",
          "stargazerCount": 1501
        },
        {
          "nameWithOwner": "exercism/rust",
          "stargazerCount": 1500
        },
        {
          "nameWithOwner": "fitzgen/bumpalo",
          "stargazerCount": 1498
        },
        {
          "nameWithOwner": "matanolabs/matano",
          "stargazerCount": 1498
        },
        null,
        {
          "nameWithOwner": "PhilipK/BoilR",
          "stargazerCount": 1497
        },
        {
          "nameWithOwner": "redox-os/ion",
          "stargazerCount": 1494
        }
      ],
      "pageInfo": {
        "hasNextPage": true,
        "endCursor": "Y3Vyc29yOjc1MA=="
      }
    },
    "rateLimit": {
      "remaining": 2923,
      "limit": 5000,
      "cost": 1,
      "resetAt": "2025-01-12T19:38:09Z"
    }
  },
  "request": {
    "query": "\n      query getReposByLanguageAndStars($cursor: String) {\n        search(\n          query: \"language:Rust stars:1000..5000 sort:stars-desc\"\n          type: REPOSITORY\n          first: 10\n          after: $cursor\n        ) {\n          nodes {\n            ... on Repository {\n              nameWithOwner\n              stargazerCount\n            }\n          }\n          pageInfo {\n            hasNextPage\n            endCursor\n          }\n        }\n        rateLimit {\n          remaining\n          limit\n          cost\n          resetAt\n        }\n      }\n    ",
    "variables": {
      "cursor": "Y3Vyc29yOjc0MA=="
    }
  },
  "headers": {
    "access-control-allow-origin": "*",
    "access-control-expose-headers": "ETag, Link, Location, Retry-After, X-GitHub-OTP, X-RateLimit-Limit, X-RateLimit-Remaining, X-RateLimit-Used, X-RateLimit-Resource, X-RateLimit-Reset, X-OAuth-Scopes, X-Accepted-OAuth-Scopes, X-Poll-Interval, X-GitHub-Media-Type, X-GitHub-SSO, X-GitHub-Request-Id, Deprecation, Sunset",
    "content-encoding": "gzip",
    "content-security-policy": "default-src 'none'",
    "content-type": "application/json; charset=utf-8",
    "date": "Sun, 12 Jan 2025 19:15:31 GMT",
    "referrer-policy": "origin-when-cross-origin, strict-origin-when-cross-origin",
    "server": "github.com",
    "strict-transport-security": "max-age=31536000; includeSubdomains; preload",
    "transfer-encoding": "chunked",
    "vary": "Accept-Encoding, Accept, X-Requested-With",
    "x-content-type-options": "nosniff",
    "x-frame-options": "deny",
    "x-github-media-type": "github.v3; format=json",
    "x-github-request-id": "7042:9EF1D:363F74E:6C89C64:678414D3",
    "x-ratelimit-limit": "5000",
    "x-ratelimit-remaining": "2923",
    "x-ratelimit-reset": "1736710689",
    "x-ratelimit-resource": "graphql",
    "x-ratelimit-used": "2077",
    "x-xss-protection": "0"
  },
  "response": {
    "data": {
      "search": {
        "nodes": [
          {
            "nameWithOwner": "rust-embedded/discovery",
            "stargazerCount": 1503
          },
          {
            "nameWithOwner": "andreabergia/rjvm",
            "stargazerCount": 1503
          },
          {
            "nameWithOwner": "MordechaiHadad/bob",
            "stargazerCount": 1501
          },
          {
            "nameWithOwner": "jafioti/luminal",
            "stargazerCount": 1501
          },
          {
            "nameWithOwner": "exercism/rust",
            "stargazerCount": 1500
          },
          {
            "nameWithOwner": "fitzgen/bumpalo",
            "stargazerCount": 1498
          },
          {
            "nameWithOwner": "matanolabs/matano",
            "stargazerCount": 1498
          },
          null,
          {
            "nameWithOwner": "PhilipK/BoilR",
            "stargazerCount": 1497
          },
          {
            "nameWithOwner": "redox-os/ion",
            "stargazerCount": 1494
          }
        ],
        "pageInfo": {
          "hasNextPage": true,
          "endCursor": "Y3Vyc29yOjc1MA=="
        }
      },
      "rateLimit": {
        "remaining": 2923,
        "limit": 5000,
        "cost": 1,
        "resetAt": "2025-01-12T19:38:09Z"
      }
    },
    "errors": [
      {
        "type": "FORBIDDEN",
        "path": [
          "search",
          "nodes",
          7
        ],
        "extensions": {
          "saml_failure": false
        },
        "locations": [
          {
            "line": 9,
            "column": 11
          }
        ],
        "message": "Although you appear to have the correct authorization credentials, the `databricks` organization has an IP allow list enabled, and your IP address is not permitted to access this resource."
      }
    ]
  }
}

[2025-01-12T19:18:23.342Z] Failed to fetch repositories for HTML with stars 1000-5000:
Error: {
  "name": "GraphqlResponseError",
  "errors": [
    {
      "type": "FORBIDDEN",
      "path": [
        "search",
        "nodes",
        1
      ],
      "extensions": {
        "saml_failure": false
      },
      "locations": [
        {
          "line": 9,
          "column": 11
        }
      ],
      "message": "Although you appear to have the correct authorization credentials, the `confluentinc` organization has an IP allow list enabled, and your IP address is not permitted to access this resource."
    }
  ],
  "data": {
    "search": {
      "nodes": [
        {
          "nameWithOwner": "pdf2htmlEX/pdf2htmlEX",
          "stargazerCount": 4712
        },
        null,
        {
          "nameWithOwner": "LSPosed/LSPosed.github.io",
          "stargazerCount": 4693
        },
        {
          "nameWithOwner": "golang101/golang101",
          "stargazerCount": 4686
        },
        {
          "nameWithOwner": "clong/DetectionLab",
          "stargazerCount": 4678
        },
        {
          "nameWithOwner": "kubernetes/website",
          "stargazerCount": 4671
        },
        {
          "nameWithOwner": "atlemo/SubtlePatterns",
          "stargazerCount": 4671
        },
        {
          "nameWithOwner": "invertase/rdash-angular",
          "stargazerCount": 4670
        },
        {
          "nameWithOwner": "biaochenxuying/blog",
          "stargazerCount": 4669
        },
        {
          "nameWithOwner": "microsoft/Security-101",
          "stargazerCount": 4660
        }
      ],
      "pageInfo": {
        "hasNextPage": true,
        "endCursor": "Y3Vyc29yOjMw"
      }
    },
    "rateLimit": {
      "remaining": 2583,
      "limit": 5000,
      "cost": 1,
      "resetAt": "2025-01-12T19:38:09Z"
    }
  },
  "request": {
    "query": "\n      query getReposByLanguageAndStars($cursor: String) {\n        search(\n          query: \"language:HTML stars:1000..5000 sort:stars-desc\"\n          type: REPOSITORY\n          first: 10\n          after: $cursor\n        ) {\n          nodes {\n            ... on Repository {\n              nameWithOwner\n              stargazerCount\n            }\n          }\n          pageInfo {\n            hasNextPage\n            endCursor\n          }\n        }\n        rateLimit {\n          remaining\n          limit\n          cost\n          resetAt\n        }\n      }\n    ",
    "variables": {
      "cursor": "Y3Vyc29yOjIw"
    }
  },
  "headers": {
    "access-control-allow-origin": "*",
    "access-control-expose-headers": "ETag, Link, Location, Retry-After, X-GitHub-OTP, X-RateLimit-Limit, X-RateLimit-Remaining, X-RateLimit-Used, X-RateLimit-Resource, X-RateLimit-Reset, X-OAuth-Scopes, X-Accepted-OAuth-Scopes, X-Poll-Interval, X-GitHub-Media-Type, X-GitHub-SSO, X-GitHub-Request-Id, Deprecation, Sunset",
    "content-encoding": "gzip",
    "content-security-policy": "default-src 'none'",
    "content-type": "application/json; charset=utf-8",
    "date": "Sun, 12 Jan 2025 19:18:23 GMT",
    "referrer-policy": "origin-when-cross-origin, strict-origin-when-cross-origin",
    "server": "github.com",
    "strict-transport-security": "max-age=31536000; includeSubdomains; preload",
    "transfer-encoding": "chunked",
    "vary": "Accept-Encoding, Accept, X-Requested-With",
    "x-content-type-options": "nosniff",
    "x-frame-options": "deny",
    "x-github-media-type": "github.v3; format=json",
    "x-github-request-id": "7042:9EF1D:365B813:6CC1D10:6784157E",
    "x-ratelimit-limit": "5000",
    "x-ratelimit-remaining": "2583",
    "x-ratelimit-reset": "1736710689",
    "x-ratelimit-resource": "graphql",
    "x-ratelimit-used": "2417",
    "x-xss-protection": "0"
  },
  "response": {
    "data": {
      "search": {
        "nodes": [
          {
            "nameWithOwner": "pdf2htmlEX/pdf2htmlEX",
            "stargazerCount": 4712
          },
          null,
          {
            "nameWithOwner": "LSPosed/LSPosed.github.io",
            "stargazerCount": 4693
          },
          {
            "nameWithOwner": "golang101/golang101",
            "stargazerCount": 4686
          },
          {
            "nameWithOwner": "clong/DetectionLab",
            "stargazerCount": 4678
          },
          {
            "nameWithOwner": "kubernetes/website",
            "stargazerCount": 4671
          },
          {
            "nameWithOwner": "atlemo/SubtlePatterns",
            "stargazerCount": 4671
          },
          {
            "nameWithOwner": "invertase/rdash-angular",
            "stargazerCount": 4670
          },
          {
            "nameWithOwner": "biaochenxuying/blog",
            "stargazerCount": 4669
          },
          {
            "nameWithOwner": "microsoft/Security-101",
            "stargazerCount": 4660
          }
        ],
        "pageInfo": {
          "hasNextPage": true,
          "endCursor": "Y3Vyc29yOjMw"
        }
      },
      "rateLimit": {
        "remaining": 2583,
        "limit": 5000,
        "cost": 1,
        "resetAt": "2025-01-12T19:38:09Z"
      }
    },
    "errors": [
      {
        "type": "FORBIDDEN",
        "path": [
          "search",
          "nodes",
          1
        ],
        "extensions": {
          "saml_failure": false
        },
        "locations": [
          {
            "line": 9,
            "column": 11
          }
        ],
        "message": "Although you appear to have the correct authorization credentials, the `confluentinc` organization has an IP allow list enabled, and your IP address is not permitted to access this resource."
      }
    ]
  }
}

[2025-01-12T19:18:50.771Z] Error processing tpn/pdfs:
Error: {
  "name": "HttpError",
  "status": 502,
  "request": {
    "method": "POST",
    "url": "https://api.github.com/graphql",
    "headers": {
      "accept": "application/vnd.github.v3+json",
      "user-agent": "neptun-repository-fetcher/1.0",
      "authorization": "token [REDACTED]",
      "content-type": "application/json; charset=utf-8"
    },
    "body": {
      "query": "\n      query getRepoFiles($owner: String!, $name: String!) {\n        repository(owner: $owner, name: $name) {\n          defaultBranchRef {\n            name\n            target {\n              ... on Commit {\n                tree {\n                  entries {\n                    name\n                    type\n                    object {\n                      ... on Blob {\n                        byteSize\n                        text\n                      }\n                    }\n                  }\n                }\n              }\n            }\n          }\n        }\n      }\n    ",
      "variables": {
        "owner": "tpn",
        "name": "pdfs"
      }
    }
  },
  "response": {
    "url": "https://api.github.com/graphql",
    "status": 502,
    "headers": {
      "access-control-allow-origin": "*",
      "access-control-expose-headers": "ETag, Link, Location, Retry-After, X-GitHub-OTP, X-RateLimit-Limit, X-RateLimit-Remaining, X-RateLimit-Reset, X-OAuth-Scopes, X-Accepted-OAuth-Scopes, X-Poll-Interval, X-GitHub-Media-Type, Deprecation, Sunset",
      "content-type": "application/json",
      "date": "Sun, 12 Jan 2025 19:18:50 GMT",
      "server": "github.com",
      "transfer-encoding": "chunked",
      "vary": "Accept-Encoding, Accept, X-Requested-With",
      "x-github-request-id": "7042:9EF1D:365E36F:6CC740F:67841590"
    },
    "data": {
      "data": null,
      "errors": [
        {
          "message": "Something went wrong while executing your query. This may be the result of a timeout, or it could be a GitHub bug. Please include `7042:9EF1D:365E36F:6CC740F:67841590` when reporting this issue."
        }
      ]
    }
  }
}

[2025-01-12T19:34:14.567Z] Error processing RT-Thread/rt-thread:
Error: {
  "name": "HttpError",
  "status": 502,
  "request": {
    "method": "POST",
    "url": "https://api.github.com/graphql",
    "headers": {
      "accept": "application/vnd.github.v3+json",
      "user-agent": "neptun-repository-fetcher/1.0",
      "authorization": "token [REDACTED]",
      "content-type": "application/json; charset=utf-8"
    },
    "body": {
      "query": "\n      query getRepoFiles($owner: String!, $name: String!) {\n        repository(owner: $owner, name: $name) {\n          defaultBranchRef {\n            name\n            target {\n              ... on Commit {\n                tree {\n                  entries {\n                    name\n                    type\n                    object {\n                      ... on Blob {\n                        byteSize\n                        text\n                      }\n                    }\n                  }\n                }\n              }\n            }\n          }\n        }\n      }\n    ",
      "variables": {
        "owner": "RT-Thread",
        "name": "rt-thread"
      }
    }
  },
  "response": {
    "url": "https://api.github.com/graphql",
    "status": 502,
    "headers": {
      "access-control-allow-origin": "*",
      "access-control-expose-headers": "ETag, Link, Location, Retry-After, X-GitHub-OTP, X-RateLimit-Limit, X-RateLimit-Remaining, X-RateLimit-Reset, X-OAuth-Scopes, X-Accepted-OAuth-Scopes, X-Poll-Interval, X-GitHub-Media-Type, Deprecation, Sunset",
      "content-type": "application/json",
      "date": "Sun, 12 Jan 2025 19:34:14 GMT",
      "server": "github.com",
      "transfer-encoding": "chunked",
      "vary": "Accept-Encoding, Accept, X-Requested-With",
      "x-github-request-id": "7042:9EF1D:36F2D28:6DF1F9A:6784192C"
    },
    "data": {
      "data": null,
      "errors": [
        {
          "message": "Something went wrong while executing your query. This may be the result of a timeout, or it could be a GitHub bug. Please include `7042:9EF1D:36F2D28:6DF1F9A:6784192C` when reporting this issue."
        }
      ]
    }
  }
}

[2025-01-12T19:48:40.361Z] Failed to fetch repositories for Jupyter Notebook with stars 1000-5000:
Error: {
  "name": "GraphqlResponseError",
  "errors": [
    {
      "message": "Expected COLON, actual: IDENTIFIER (\"Notebook\") at [4, 37]",
      "locations": [
        {
          "line": 4,
          "column": 37
        }
      ]
    }
  ],
  "request": {
    "query": "\n      query getReposByLanguageAndStars($cursor: String) {\n        search(\n          query: \"language:\"Jupyter Notebook\" stars:1000..5000 sort:stars-desc\"\n          type: REPOSITORY\n          first: 10\n          after: $cursor\n        ) {\n          nodes {\n            ... on Repository {\n              nameWithOwner\n              stargazerCount\n            }\n          }\n          pageInfo {\n            hasNextPage\n            endCursor\n          }\n        }\n        rateLimit {\n          remaining\n          limit\n          cost\n          resetAt\n        }\n      }\n    ",
    "variables": {
      "cursor": null
    }
  },
  "headers": {
    "access-control-allow-origin": "*",
    "access-control-expose-headers": "ETag, Link, Location, Retry-After, X-GitHub-OTP, X-RateLimit-Limit, X-RateLimit-Remaining, X-RateLimit-Used, X-RateLimit-Resource, X-RateLimit-Reset, X-OAuth-Scopes, X-Accepted-OAuth-Scopes, X-Poll-Interval, X-GitHub-Media-Type, X-GitHub-SSO, X-GitHub-Request-Id, Deprecation, Sunset",
    "content-encoding": "gzip",
    "content-security-policy": "default-src 'none'",
    "content-type": "application/json; charset=utf-8",
    "date": "Sun, 12 Jan 2025 19:48:40 GMT",
    "referrer-policy": "origin-when-cross-origin, strict-origin-when-cross-origin",
    "server": "github.com",
    "strict-transport-security": "max-age=31536000; includeSubdomains; preload",
    "transfer-encoding": "chunked",
    "vary": "Accept-Encoding, Accept, X-Requested-With",
    "x-content-type-options": "nosniff",
    "x-frame-options": "deny",
    "x-github-media-type": "github.v3; format=json",
    "x-github-request-id": "7042:9EF1D:377EFAB:6F0BA50:67841C98",
    "x-ratelimit-limit": "5000",
    "x-ratelimit-remaining": "3566",
    "x-ratelimit-reset": "1736714290",
    "x-ratelimit-resource": "graphql",
    "x-ratelimit-used": "1434",
    "x-xss-protection": "0"
  },
  "response": {
    "errors": [
      {
        "message": "Expected COLON, actual: IDENTIFIER (\"Notebook\") at [4, 37]",
        "locations": [
          {
            "line": 4,
            "column": 37
          }
        ]
      }
    ]
  }
}

[2025-01-12T19:48:40.433Z] Failed to fetch repositories for Jupyter Notebook with stars 5001-10000:
Error: {
  "name": "GraphqlResponseError",
  "errors": [
    {
      "message": "Expected COLON, actual: IDENTIFIER (\"Notebook\") at [4, 37]",
      "locations": [
        {
          "line": 4,
          "column": 37
        }
      ]
    }
  ],
  "request": {
    "query": "\n      query getReposByLanguageAndStars($cursor: String) {\n        search(\n          query: \"language:\"Jupyter Notebook\" stars:5001..10000 sort:stars-desc\"\n          type: REPOSITORY\n          first: 10\n          after: $cursor\n        ) {\n          nodes {\n            ... on Repository {\n              nameWithOwner\n              stargazerCount\n            }\n          }\n          pageInfo {\n            hasNextPage\n            endCursor\n          }\n        }\n        rateLimit {\n          remaining\n          limit\n          cost\n          resetAt\n        }\n      }\n    ",
    "variables": {
      "cursor": null
    }
  },
  "headers": {
    "access-control-allow-origin": "*",
    "access-control-expose-headers": "ETag, Link, Location, Retry-After, X-GitHub-OTP, X-RateLimit-Limit, X-RateLimit-Remaining, X-RateLimit-Used, X-RateLimit-Resource, X-RateLimit-Reset, X-OAuth-Scopes, X-Accepted-OAuth-Scopes, X-Poll-Interval, X-GitHub-Media-Type, X-GitHub-SSO, X-GitHub-Request-Id, Deprecation, Sunset",
    "content-encoding": "gzip",
    "content-security-policy": "default-src 'none'",
    "content-type": "application/json; charset=utf-8",
    "date": "Sun, 12 Jan 2025 19:48:40 GMT",
    "referrer-policy": "origin-when-cross-origin, strict-origin-when-cross-origin",
    "server": "github.com",
    "strict-transport-security": "max-age=31536000; includeSubdomains; preload",
    "transfer-encoding": "chunked",
    "vary": "Accept-Encoding, Accept, X-Requested-With",
    "x-content-type-options": "nosniff",
    "x-frame-options": "deny",
    "x-github-media-type": "github.v3; format=json",
    "x-github-request-id": "7042:9EF1D:377EFF8:6F0BAEB:67841C98",
    "x-ratelimit-limit": "5000",
    "x-ratelimit-remaining": "3566",
    "x-ratelimit-reset": "1736714290",
    "x-ratelimit-resource": "graphql",
    "x-ratelimit-used": "1434",
    "x-xss-protection": "0"
  },
  "response": {
    "errors": [
      {
        "message": "Expected COLON, actual: IDENTIFIER (\"Notebook\") at [4, 37]",
        "locations": [
          {
            "line": 4,
            "column": 37
          }
        ]
      }
    ]
  }
}

[2025-01-12T19:48:40.501Z] Failed to fetch repositories for Jupyter Notebook with stars 10001-25000:
Error: {
  "name": "GraphqlResponseError",
  "errors": [
    {
      "message": "Expected COLON, actual: IDENTIFIER (\"Notebook\") at [4, 37]",
      "locations": [
        {
          "line": 4,
          "column": 37
        }
      ]
    }
  ],
  "request": {
    "query": "\n      query getReposByLanguageAndStars($cursor: String) {\n        search(\n          query: \"language:\"Jupyter Notebook\" stars:10001..25000 sort:stars-desc\"\n          type: REPOSITORY\n          first: 10\n          after: $cursor\n        ) {\n          nodes {\n            ... on Repository {\n              nameWithOwner\n              stargazerCount\n            }\n          }\n          pageInfo {\n            hasNextPage\n            endCursor\n          }\n        }\n        rateLimit {\n          remaining\n          limit\n          cost\n          resetAt\n        }\n      }\n    ",
    "variables": {
      "cursor": null
    }
  },
  "headers": {
    "access-control-allow-origin": "*",
    "access-control-expose-headers": "ETag, Link, Location, Retry-After, X-GitHub-OTP, X-RateLimit-Limit, X-RateLimit-Remaining, X-RateLimit-Used, X-RateLimit-Resource, X-RateLimit-Reset, X-OAuth-Scopes, X-Accepted-OAuth-Scopes, X-Poll-Interval, X-GitHub-Media-Type, X-GitHub-SSO, X-GitHub-Request-Id, Deprecation, Sunset",
    "content-encoding": "gzip",
    "content-security-policy": "default-src 'none'",
    "content-type": "application/json; charset=utf-8",
    "date": "Sun, 12 Jan 2025 19:48:40 GMT",
    "referrer-policy": "origin-when-cross-origin, strict-origin-when-cross-origin",
    "server": "github.com",
    "strict-transport-security": "max-age=31536000; includeSubdomains; preload",
    "transfer-encoding": "chunked",
    "vary": "Accept-Encoding, Accept, X-Requested-With",
    "x-content-type-options": "nosniff",
    "x-frame-options": "deny",
    "x-github-media-type": "github.v3; format=json",
    "x-github-request-id": "7042:9EF1D:377F027:6F0BB4E:67841C98",
    "x-ratelimit-limit": "5000",
    "x-ratelimit-remaining": "3566",
    "x-ratelimit-reset": "1736714290",
    "x-ratelimit-resource": "graphql",
    "x-ratelimit-used": "1434",
    "x-xss-protection": "0"
  },
  "response": {
    "errors": [
      {
        "message": "Expected COLON, actual: IDENTIFIER (\"Notebook\") at [4, 37]",
        "locations": [
          {
            "line": 4,
            "column": 37
          }
        ]
      }
    ]
  }
}

[2025-01-12T19:48:40.562Z] Failed to fetch repositories for Jupyter Notebook with stars 25001-50000:
Error: {
  "name": "GraphqlResponseError",
  "errors": [
    {
      "message": "Expected COLON, actual: IDENTIFIER (\"Notebook\") at [4, 37]",
      "locations": [
        {
          "line": 4,
          "column": 37
        }
      ]
    }
  ],
  "request": {
    "query": "\n      query getReposByLanguageAndStars($cursor: String) {\n        search(\n          query: \"language:\"Jupyter Notebook\" stars:25001..50000 sort:stars-desc\"\n          type: REPOSITORY\n          first: 10\n          after: $cursor\n        ) {\n          nodes {\n            ... on Repository {\n              nameWithOwner\n              stargazerCount\n            }\n          }\n          pageInfo {\n            hasNextPage\n            endCursor\n          }\n        }\n        rateLimit {\n          remaining\n          limit\n          cost\n          resetAt\n        }\n      }\n    ",
    "variables": {
      "cursor": null
    }
  },
  "headers": {
    "access-control-allow-origin": "*",
    "access-control-expose-headers": "ETag, Link, Location, Retry-After, X-GitHub-OTP, X-RateLimit-Limit, X-RateLimit-Remaining, X-RateLimit-Used, X-RateLimit-Resource, X-RateLimit-Reset, X-OAuth-Scopes, X-Accepted-OAuth-Scopes, X-Poll-Interval, X-GitHub-Media-Type, X-GitHub-SSO, X-GitHub-Request-Id, Deprecation, Sunset",
    "content-encoding": "gzip",
    "content-security-policy": "default-src 'none'",
    "content-type": "application/json; charset=utf-8",
    "date": "Sun, 12 Jan 2025 19:48:40 GMT",
    "referrer-policy": "origin-when-cross-origin, strict-origin-when-cross-origin",
    "server": "github.com",
    "strict-transport-security": "max-age=31536000; includeSubdomains; preload",
    "transfer-encoding": "chunked",
    "vary": "Accept-Encoding, Accept, X-Requested-With",
    "x-content-type-options": "nosniff",
    "x-frame-options": "deny",
    "x-github-media-type": "github.v3; format=json",
    "x-github-request-id": "7042:9EF1D:377F059:6F0BBB6:67841C98",
    "x-ratelimit-limit": "5000",
    "x-ratelimit-remaining": "3566",
    "x-ratelimit-reset": "1736714290",
    "x-ratelimit-resource": "graphql",
    "x-ratelimit-used": "1434",
    "x-xss-protection": "0"
  },
  "response": {
    "errors": [
      {
        "message": "Expected COLON, actual: IDENTIFIER (\"Notebook\") at [4, 37]",
        "locations": [
          {
            "line": 4,
            "column": 37
          }
        ]
      }
    ]
  }
}

[2025-01-12T19:48:40.626Z] Failed to fetch repositories for Jupyter Notebook with stars 50001-100000:
Error: {
  "name": "GraphqlResponseError",
  "errors": [
    {
      "message": "Expected COLON, actual: IDENTIFIER (\"Notebook\") at [4, 37]",
      "locations": [
        {
          "line": 4,
          "column": 37
        }
      ]
    }
  ],
  "request": {
    "query": "\n      query getReposByLanguageAndStars($cursor: String) {\n        search(\n          query: \"language:\"Jupyter Notebook\" stars:50001..100000 sort:stars-desc\"\n          type: REPOSITORY\n          first: 10\n          after: $cursor\n        ) {\n          nodes {\n            ... on Repository {\n              nameWithOwner\n              stargazerCount\n            }\n          }\n          pageInfo {\n            hasNextPage\n            endCursor\n          }\n        }\n        rateLimit {\n          remaining\n          limit\n          cost\n          resetAt\n        }\n      }\n    ",
    "variables": {
      "cursor": null
    }
  },
  "headers": {
    "access-control-allow-origin": "*",
    "access-control-expose-headers": "ETag, Link, Location, Retry-After, X-GitHub-OTP, X-RateLimit-Limit, X-RateLimit-Remaining, X-RateLimit-Used, X-RateLimit-Resource, X-RateLimit-Reset, X-OAuth-Scopes, X-Accepted-OAuth-Scopes, X-Poll-Interval, X-GitHub-Media-Type, X-GitHub-SSO, X-GitHub-Request-Id, Deprecation, Sunset",
    "content-encoding": "gzip",
    "content-security-policy": "default-src 'none'",
    "content-type": "application/json; charset=utf-8",
    "date": "Sun, 12 Jan 2025 19:48:40 GMT",
    "referrer-policy": "origin-when-cross-origin, strict-origin-when-cross-origin",
    "server": "github.com",
    "strict-transport-security": "max-age=31536000; includeSubdomains; preload",
    "transfer-encoding": "chunked",
    "vary": "Accept-Encoding, Accept, X-Requested-With",
    "x-content-type-options": "nosniff",
    "x-frame-options": "deny",
    "x-github-media-type": "github.v3; format=json",
    "x-github-request-id": "7042:9EF1D:377F080:6F0BBF4:67841C98",
    "x-ratelimit-limit": "5000",
    "x-ratelimit-remaining": "3566",
    "x-ratelimit-reset": "1736714290",
    "x-ratelimit-resource": "graphql",
    "x-ratelimit-used": "1434",
    "x-xss-protection": "0"
  },
  "response": {
    "errors": [
      {
        "message": "Expected COLON, actual: IDENTIFIER (\"Notebook\") at [4, 37]",
        "locations": [
          {
            "line": 4,
            "column": 37
          }
        ]
      }
    ]
  }
}

[2025-01-12T19:48:40.705Z] Failed to fetch repositories for Jupyter Notebook with stars 100001-plus:
Error: {
  "name": "GraphqlResponseError",
  "errors": [
    {
      "message": "Expected COLON, actual: IDENTIFIER (\"Notebook\") at [4, 37]",
      "locations": [
        {
          "line": 4,
          "column": 37
        }
      ]
    }
  ],
  "request": {
    "query": "\n      query getReposByLanguageAndStars($cursor: String) {\n        search(\n          query: \"language:\"Jupyter Notebook\" stars:100001..1000000 sort:stars-desc\"\n          type: REPOSITORY\n          first: 10\n          after: $cursor\n        ) {\n          nodes {\n            ... on Repository {\n              nameWithOwner\n              stargazerCount\n            }\n          }\n          pageInfo {\n            hasNextPage\n            endCursor\n          }\n        }\n        rateLimit {\n          remaining\n          limit\n          cost\n          resetAt\n        }\n      }\n    ",
    "variables": {
      "cursor": null
    }
  },
  "headers": {
    "access-control-allow-origin": "*",
    "access-control-expose-headers": "ETag, Link, Location, Retry-After, X-GitHub-OTP, X-RateLimit-Limit, X-RateLimit-Remaining, X-RateLimit-Used, X-RateLimit-Resource, X-RateLimit-Reset, X-OAuth-Scopes, X-Accepted-OAuth-Scopes, X-Poll-Interval, X-GitHub-Media-Type, X-GitHub-SSO, X-GitHub-Request-Id, Deprecation, Sunset",
    "content-encoding": "gzip",
    "content-security-policy": "default-src 'none'",
    "content-type": "application/json; charset=utf-8",
    "date": "Sun, 12 Jan 2025 19:48:40 GMT",
    "referrer-policy": "origin-when-cross-origin, strict-origin-when-cross-origin",
    "server": "github.com",
    "strict-transport-security": "max-age=31536000; includeSubdomains; preload",
    "transfer-encoding": "chunked",
    "vary": "Accept-Encoding, Accept, X-Requested-With",
    "x-content-type-options": "nosniff",
    "x-frame-options": "deny",
    "x-github-media-type": "github.v3; format=json",
    "x-github-request-id": "7042:9EF1D:377F0A1:6F0BC48:67841C98",
    "x-ratelimit-limit": "5000",
    "x-ratelimit-remaining": "3566",
    "x-ratelimit-reset": "1736714290",
    "x-ratelimit-resource": "graphql",
    "x-ratelimit-used": "1434",
    "x-xss-protection": "0"
  },
  "response": {
    "errors": [
      {
        "message": "Expected COLON, actual: IDENTIFIER (\"Notebook\") at [4, 37]",
        "locations": [
          {
            "line": 4,
            "column": 37
          }
        ]
      }
    ]
  }
}

[2025-01-12T19:52:01.145Z] Failed to fetch repositories for Vim Script with stars 1000-5000:
Error: {
  "name": "GraphqlResponseError",
  "errors": [
    {
      "message": "Expected COLON, actual: IDENTIFIER (\"Script\") at [4, 33]",
      "locations": [
        {
          "line": 4,
          "column": 33
        }
      ]
    }
  ],
  "request": {
    "query": "\n      query getReposByLanguageAndStars($cursor: String) {\n        search(\n          query: \"language:\"Vim Script\" stars:1000..5000 sort:stars-desc\"\n          type: REPOSITORY\n          first: 10\n          after: $cursor\n        ) {\n          nodes {\n            ... on Repository {\n              nameWithOwner\n              stargazerCount\n            }\n          }\n          pageInfo {\n            hasNextPage\n            endCursor\n          }\n        }\n        rateLimit {\n          remaining\n          limit\n          cost\n          resetAt\n        }\n      }\n    ",
    "variables": {
      "cursor": null
    }
  },
  "headers": {
    "access-control-allow-origin": "*",
    "access-control-expose-headers": "ETag, Link, Location, Retry-After, X-GitHub-OTP, X-RateLimit-Limit, X-RateLimit-Remaining, X-RateLimit-Used, X-RateLimit-Resource, X-RateLimit-Reset, X-OAuth-Scopes, X-Accepted-OAuth-Scopes, X-Poll-Interval, X-GitHub-Media-Type, X-GitHub-SSO, X-GitHub-Request-Id, Deprecation, Sunset",
    "content-encoding": "gzip",
    "content-security-policy": "default-src 'none'",
    "content-type": "application/json; charset=utf-8",
    "date": "Sun, 12 Jan 2025 19:52:01 GMT",
    "referrer-policy": "origin-when-cross-origin, strict-origin-when-cross-origin",
    "server": "github.com",
    "strict-transport-security": "max-age=31536000; includeSubdomains; preload",
    "transfer-encoding": "chunked",
    "vary": "Accept-Encoding, Accept, X-Requested-With",
    "x-content-type-options": "nosniff",
    "x-frame-options": "deny",
    "x-github-media-type": "github.v3; format=json",
    "x-github-request-id": "7042:9EF1D:37A02CC:6F4E9A4:67841D61",
    "x-ratelimit-limit": "5000",
    "x-ratelimit-remaining": "3123",
    "x-ratelimit-reset": "1736714290",
    "x-ratelimit-resource": "graphql",
    "x-ratelimit-used": "1877",
    "x-xss-protection": "0"
  },
  "response": {
    "errors": [
      {
        "message": "Expected COLON, actual: IDENTIFIER (\"Script\") at [4, 33]",
        "locations": [
          {
            "line": 4,
            "column": 33
          }
        ]
      }
    ]
  }
}

[2025-01-12T19:52:01.248Z] Failed to fetch repositories for Vim Script with stars 5001-10000:
Error: {
  "name": "GraphqlResponseError",
  "errors": [
    {
      "message": "Expected COLON, actual: IDENTIFIER (\"Script\") at [4, 33]",
      "locations": [
        {
          "line": 4,
          "column": 33
        }
      ]
    }
  ],
  "request": {
    "query": "\n      query getReposByLanguageAndStars($cursor: String) {\n        search(\n          query: \"language:\"Vim Script\" stars:5001..10000 sort:stars-desc\"\n          type: REPOSITORY\n          first: 10\n          after: $cursor\n        ) {\n          nodes {\n            ... on Repository {\n              nameWithOwner\n              stargazerCount\n            }\n          }\n          pageInfo {\n            hasNextPage\n            endCursor\n          }\n        }\n        rateLimit {\n          remaining\n          limit\n          cost\n          resetAt\n        }\n      }\n    ",
    "variables": {
      "cursor": null
    }
  },
  "headers": {
    "access-control-allow-origin": "*",
    "access-control-expose-headers": "ETag, Link, Location, Retry-After, X-GitHub-OTP, X-RateLimit-Limit, X-RateLimit-Remaining, X-RateLimit-Used, X-RateLimit-Resource, X-RateLimit-Reset, X-OAuth-Scopes, X-Accepted-OAuth-Scopes, X-Poll-Interval, X-GitHub-Media-Type, X-GitHub-SSO, X-GitHub-Request-Id, Deprecation, Sunset",
    "content-encoding": "gzip",
    "content-security-policy": "default-src 'none'",
    "content-type": "application/json; charset=utf-8",
    "date": "Sun, 12 Jan 2025 19:52:01 GMT",
    "referrer-policy": "origin-when-cross-origin, strict-origin-when-cross-origin",
    "server": "github.com",
    "strict-transport-security": "max-age=31536000; includeSubdomains; preload",
    "transfer-encoding": "chunked",
    "vary": "Accept-Encoding, Accept, X-Requested-With",
    "x-content-type-options": "nosniff",
    "x-frame-options": "deny",
    "x-github-media-type": "github.v3; format=json",
    "x-github-request-id": "7042:9EF1D:37A02FE:6F4EA7A:67841D61",
    "x-ratelimit-limit": "5000",
    "x-ratelimit-remaining": "3123",
    "x-ratelimit-reset": "1736714290",
    "x-ratelimit-resource": "graphql",
    "x-ratelimit-used": "1877",
    "x-xss-protection": "0"
  },
  "response": {
    "errors": [
      {
        "message": "Expected COLON, actual: IDENTIFIER (\"Script\") at [4, 33]",
        "locations": [
          {
            "line": 4,
            "column": 33
          }
        ]
      }
    ]
  }
}

[2025-01-12T19:52:01.315Z] Failed to fetch repositories for Vim Script with stars 10001-25000:
Error: {
  "name": "GraphqlResponseError",
  "errors": [
    {
      "message": "Expected COLON, actual: IDENTIFIER (\"Script\") at [4, 33]",
      "locations": [
        {
          "line": 4,
          "column": 33
        }
      ]
    }
  ],
  "request": {
    "query": "\n      query getReposByLanguageAndStars($cursor: String) {\n        search(\n          query: \"language:\"Vim Script\" stars:10001..25000 sort:stars-desc\"\n          type: REPOSITORY\n          first: 10\n          after: $cursor\n        ) {\n          nodes {\n            ... on Repository {\n              nameWithOwner\n              stargazerCount\n            }\n          }\n          pageInfo {\n            hasNextPage\n            endCursor\n          }\n        }\n        rateLimit {\n          remaining\n          limit\n          cost\n          resetAt\n        }\n      }\n    ",
    "variables": {
      "cursor": null
    }
  },
  "headers": {
    "access-control-allow-origin": "*",
    "access-control-expose-headers": "ETag, Link, Location, Retry-After, X-GitHub-OTP, X-RateLimit-Limit, X-RateLimit-Remaining, X-RateLimit-Used, X-RateLimit-Resource, X-RateLimit-Reset, X-OAuth-Scopes, X-Accepted-OAuth-Scopes, X-Poll-Interval, X-GitHub-Media-Type, X-GitHub-SSO, X-GitHub-Request-Id, Deprecation, Sunset",
    "content-encoding": "gzip",
    "content-security-policy": "default-src 'none'",
    "content-type": "application/json; charset=utf-8",
    "date": "Sun, 12 Jan 2025 19:52:01 GMT",
    "referrer-policy": "origin-when-cross-origin, strict-origin-when-cross-origin",
    "server": "github.com",
    "strict-transport-security": "max-age=31536000; includeSubdomains; preload",
    "transfer-encoding": "chunked",
    "vary": "Accept-Encoding, Accept, X-Requested-With",
    "x-content-type-options": "nosniff",
    "x-frame-options": "deny",
    "x-github-media-type": "github.v3; format=json",
    "x-github-request-id": "7042:9EF1D:37A0398:6F4EB3A:67841D61",
    "x-ratelimit-limit": "5000",
    "x-ratelimit-remaining": "3123",
    "x-ratelimit-reset": "1736714290",
    "x-ratelimit-resource": "graphql",
    "x-ratelimit-used": "1877",
    "x-xss-protection": "0"
  },
  "response": {
    "errors": [
      {
        "message": "Expected COLON, actual: IDENTIFIER (\"Script\") at [4, 33]",
        "locations": [
          {
            "line": 4,
            "column": 33
          }
        ]
      }
    ]
  }
}

[2025-01-12T19:52:01.380Z] Failed to fetch repositories for Vim Script with stars 25001-50000:
Error: {
  "name": "GraphqlResponseError",
  "errors": [
    {
      "message": "Expected COLON, actual: IDENTIFIER (\"Script\") at [4, 33]",
      "locations": [
        {
          "line": 4,
          "column": 33
        }
      ]
    }
  ],
  "request": {
    "query": "\n      query getReposByLanguageAndStars($cursor: String) {\n        search(\n          query: \"language:\"Vim Script\" stars:25001..50000 sort:stars-desc\"\n          type: REPOSITORY\n          first: 10\n          after: $cursor\n        ) {\n          nodes {\n            ... on Repository {\n              nameWithOwner\n              stargazerCount\n            }\n          }\n          pageInfo {\n            hasNextPage\n            endCursor\n          }\n        }\n        rateLimit {\n          remaining\n          limit\n          cost\n          resetAt\n        }\n      }\n    ",
    "variables": {
      "cursor": null
    }
  },
  "headers": {
    "access-control-allow-origin": "*",
    "access-control-expose-headers": "ETag, Link, Location, Retry-After, X-GitHub-OTP, X-RateLimit-Limit, X-RateLimit-Remaining, X-RateLimit-Used, X-RateLimit-Resource, X-RateLimit-Reset, X-OAuth-Scopes, X-Accepted-OAuth-Scopes, X-Poll-Interval, X-GitHub-Media-Type, X-GitHub-SSO, X-GitHub-Request-Id, Deprecation, Sunset",
    "content-encoding": "gzip",
    "content-security-policy": "default-src 'none'",
    "content-type": "application/json; charset=utf-8",
    "date": "Sun, 12 Jan 2025 19:52:01 GMT",
    "referrer-policy": "origin-when-cross-origin, strict-origin-when-cross-origin",
    "server": "github.com",
    "strict-transport-security": "max-age=31536000; includeSubdomains; preload",
    "transfer-encoding": "chunked",
    "vary": "Accept-Encoding, Accept, X-Requested-With",
    "x-content-type-options": "nosniff",
    "x-frame-options": "deny",
    "x-github-media-type": "github.v3; format=json",
    "x-github-request-id": "7042:9EF1D:37A03E4:6F4EBC1:67841D61",
    "x-ratelimit-limit": "5000",
    "x-ratelimit-remaining": "3123",
    "x-ratelimit-reset": "1736714290",
    "x-ratelimit-resource": "graphql",
    "x-ratelimit-used": "1877",
    "x-xss-protection": "0"
  },
  "response": {
    "errors": [
      {
        "message": "Expected COLON, actual: IDENTIFIER (\"Script\") at [4, 33]",
        "locations": [
          {
            "line": 4,
            "column": 33
          }
        ]
      }
    ]
  }
}

[2025-01-12T19:52:01.434Z] Failed to fetch repositories for Vim Script with stars 50001-100000:
Error: {
  "name": "GraphqlResponseError",
  "errors": [
    {
      "message": "Expected COLON, actual: IDENTIFIER (\"Script\") at [4, 33]",
      "locations": [
        {
          "line": 4,
          "column": 33
        }
      ]
    }
  ],
  "request": {
    "query": "\n      query getReposByLanguageAndStars($cursor: String) {\n        search(\n          query: \"language:\"Vim Script\" stars:50001..100000 sort:stars-desc\"\n          type: REPOSITORY\n          first: 10\n          after: $cursor\n        ) {\n          nodes {\n            ... on Repository {\n              nameWithOwner\n              stargazerCount\n            }\n          }\n          pageInfo {\n            hasNextPage\n            endCursor\n          }\n        }\n        rateLimit {\n          remaining\n          limit\n          cost\n          resetAt\n        }\n      }\n    ",
    "variables": {
      "cursor": null
    }
  },
  "headers": {
    "access-control-allow-origin": "*",
    "access-control-expose-headers": "ETag, Link, Location, Retry-After, X-GitHub-OTP, X-RateLimit-Limit, X-RateLimit-Remaining, X-RateLimit-Used, X-RateLimit-Resource, X-RateLimit-Reset, X-OAuth-Scopes, X-Accepted-OAuth-Scopes, X-Poll-Interval, X-GitHub-Media-Type, X-GitHub-SSO, X-GitHub-Request-Id, Deprecation, Sunset",
    "content-encoding": "gzip",
    "content-security-policy": "default-src 'none'",
    "content-type": "application/json; charset=utf-8",
    "date": "Sun, 12 Jan 2025 19:52:01 GMT",
    "referrer-policy": "origin-when-cross-origin, strict-origin-when-cross-origin",
    "server": "github.com",
    "strict-transport-security": "max-age=31536000; includeSubdomains; preload",
    "transfer-encoding": "chunked",
    "vary": "Accept-Encoding, Accept, X-Requested-With",
    "x-content-type-options": "nosniff",
    "x-frame-options": "deny",
    "x-github-media-type": "github.v3; format=json",
    "x-github-request-id": "7042:9EF1D:37A0427:6F4EC4B:67841D61",
    "x-ratelimit-limit": "5000",
    "x-ratelimit-remaining": "3123",
    "x-ratelimit-reset": "1736714290",
    "x-ratelimit-resource": "graphql",
    "x-ratelimit-used": "1877",
    "x-xss-protection": "0"
  },
  "response": {
    "errors": [
      {
        "message": "Expected COLON, actual: IDENTIFIER (\"Script\") at [4, 33]",
        "locations": [
          {
            "line": 4,
            "column": 33
          }
        ]
      }
    ]
  }
}

[2025-01-12T19:52:01.516Z] Failed to fetch repositories for Vim Script with stars 100001-plus:
Error: {
  "name": "GraphqlResponseError",
  "errors": [
    {
      "message": "Expected COLON, actual: IDENTIFIER (\"Script\") at [4, 33]",
      "locations": [
        {
          "line": 4,
          "column": 33
        }
      ]
    }
  ],
  "request": {
    "query": "\n      query getReposByLanguageAndStars($cursor: String) {\n        search(\n          query: \"language:\"Vim Script\" stars:100001..1000000 sort:stars-desc\"\n          type: REPOSITORY\n          first: 10\n          after: $cursor\n        ) {\n          nodes {\n            ... on Repository {\n              nameWithOwner\n              stargazerCount\n            }\n          }\n          pageInfo {\n            hasNextPage\n            endCursor\n          }\n        }\n        rateLimit {\n          remaining\n          limit\n          cost\n          resetAt\n        }\n      }\n    ",
    "variables": {
      "cursor": null
    }
  },
  "headers": {
    "access-control-allow-origin": "*",
    "access-control-expose-headers": "ETag, Link, Location, Retry-After, X-GitHub-OTP, X-RateLimit-Limit, X-RateLimit-Remaining, X-RateLimit-Used, X-RateLimit-Resource, X-RateLimit-Reset, X-OAuth-Scopes, X-Accepted-OAuth-Scopes, X-Poll-Interval, X-GitHub-Media-Type, X-GitHub-SSO, X-GitHub-Request-Id, Deprecation, Sunset",
    "content-encoding": "gzip",
    "content-security-policy": "default-src 'none'",
    "content-type": "application/json; charset=utf-8",
    "date": "Sun, 12 Jan 2025 19:52:01 GMT",
    "referrer-policy": "origin-when-cross-origin, strict-origin-when-cross-origin",
    "server": "github.com",
    "strict-transport-security": "max-age=31536000; includeSubdomains; preload",
    "transfer-encoding": "chunked",
    "vary": "Accept-Encoding, Accept, X-Requested-With",
    "x-content-type-options": "nosniff",
    "x-frame-options": "deny",
    "x-github-media-type": "github.v3; format=json",
    "x-github-request-id": "7042:9EF1D:37A0456:6F4ECBF:67841D61",
    "x-ratelimit-limit": "5000",
    "x-ratelimit-remaining": "3123",
    "x-ratelimit-reset": "1736714290",
    "x-ratelimit-resource": "graphql",
    "x-ratelimit-used": "1877",
    "x-xss-protection": "0"
  },
  "response": {
    "errors": [
      {
        "message": "Expected COLON, actual: IDENTIFIER (\"Script\") at [4, 33]",
        "locations": [
          {
            "line": 4,
            "column": 33
          }
        ]
      }
    ]
  }
}

